<?xml version="1.0" encoding="UTF-8"?>
<testng-results ignored="0" total="6" passed="5" failed="1" skipped="0">
  <reporter-output>
  </reporter-output>
  <suite started-at="2022-08-08T18:14:10 IST" name="Default suite" finished-at="2022-08-08T18:15:09 IST" duration-ms="58704">
    <groups>
    </groups>
    <test started-at="2022-08-08T18:14:10 IST" name="Default test" finished-at="2022-08-08T18:15:09 IST" duration-ms="58704">
      <class name="tests.AmazonTest">
        <test-method is-config="true" signature="beforeClass()[pri:0, instance:tests.AmazonTest@d9345cd]" started-at="2022-08-08T18:14:10 IST" name="beforeClass" finished-at="2022-08-08T18:14:33 IST" duration-ms="22407" status="PASS">
          <reporter-output>
          </reporter-output>
        </test-method> <!-- beforeClass -->
        <test-method signature="Step01_VerifyUserisOnAmazonHomePage()[pri:0, instance:tests.AmazonTest@d9345cd]" started-at="2022-08-08T18:14:33 IST" name="Step01_VerifyUserisOnAmazonHomePage" finished-at="2022-08-08T18:14:44 IST" duration-ms="11289" status="PASS">
          <reporter-output>
          </reporter-output>
        </test-method> <!-- Step01_VerifyUserisOnAmazonHomePage -->
        <test-method signature="Step02_SearchAndNavigateToSearchResultsPage()[pri:0, instance:tests.AmazonTest@d9345cd]" started-at="2022-08-08T18:14:44 IST" name="Step02_SearchAndNavigateToSearchResultsPage" finished-at="2022-08-08T18:14:46 IST" duration-ms="2407" status="PASS">
          <reporter-output>
          </reporter-output>
        </test-method> <!-- Step02_SearchAndNavigateToSearchResultsPage -->
        <test-method signature="Step03_VerifyUserisOnSearchResultsPage()[pri:0, instance:tests.AmazonTest@d9345cd]" started-at="2022-08-08T18:14:46 IST" name="Step03_VerifyUserisOnSearchResultsPage" finished-at="2022-08-08T18:14:48 IST" duration-ms="1056" status="FAIL">
          <exception class="java.lang.RuntimeException">
            <message>
              <![CDATA[Unable to inject axe script]]>
            </message>
            <full-stacktrace>
              <![CDATA[java.lang.RuntimeException: Unable to inject axe script
at com.deque.html.axecore.selenium.AxeBuilder.analyzeRawContext(AxeBuilder.java:436)
at com.deque.html.axecore.selenium.AxeBuilder.analyze(AxeBuilder.java:390)
at tests.AmazonTest.axeTest(AmazonTest.java:101)
at tests.AmazonTest.Step03_VerifyUserisOnSearchResultsPage(AmazonTest.java:72)
at java.base/jdk.internal.reflect.NativeMethodAccessorImpl.invoke0(Native Method)
at java.base/jdk.internal.reflect.NativeMethodAccessorImpl.invoke(NativeMethodAccessorImpl.java:62)
at java.base/jdk.internal.reflect.DelegatingMethodAccessorImpl.invoke(DelegatingMethodAccessorImpl.java:43)
at java.base/java.lang.reflect.Method.invoke(Method.java:566)
at org.testng.internal.invokers.MethodInvocationHelper.invokeMethod(MethodInvocationHelper.java:135)
at org.testng.internal.invokers.TestInvoker.invokeMethod(TestInvoker.java:673)
at org.testng.internal.invokers.TestInvoker.invokeTestMethod(TestInvoker.java:220)
at org.testng.internal.invokers.MethodRunner.runInSequence(MethodRunner.java:50)
at org.testng.internal.invokers.TestInvoker$MethodInvocationAgent.invoke(TestInvoker.java:945)
at org.testng.internal.invokers.TestInvoker.invokeTestMethods(TestInvoker.java:193)
at org.testng.internal.invokers.TestMethodWorker.invokeTestMethods(TestMethodWorker.java:146)
at org.testng.internal.invokers.TestMethodWorker.run(TestMethodWorker.java:128)
at java.base/java.util.ArrayList.forEach(ArrayList.java:1541)
at org.testng.TestRunner.privateRun(TestRunner.java:808)
at org.testng.TestRunner.run(TestRunner.java:603)
at org.testng.SuiteRunner.runTest(SuiteRunner.java:429)
at org.testng.SuiteRunner.runSequentially(SuiteRunner.java:423)
at org.testng.SuiteRunner.privateRun(SuiteRunner.java:383)
at org.testng.SuiteRunner.run(SuiteRunner.java:326)
at org.testng.SuiteRunnerWorker.runSuite(SuiteRunnerWorker.java:52)
at org.testng.SuiteRunnerWorker.run(SuiteRunnerWorker.java:95)
at org.testng.TestNG.runSuitesSequentially(TestNG.java:1249)
at org.testng.TestNG.runSuitesLocally(TestNG.java:1169)
at org.testng.TestNG.runSuites(TestNG.java:1092)
at org.testng.TestNG.run(TestNG.java:1060)
at org.testng.remote.AbstractRemoteTestNG.run(AbstractRemoteTestNG.java:115)
at org.testng.remote.RemoteTestNG.initAndRun(RemoteTestNG.java:251)
at org.testng.remote.RemoteTestNG.main(RemoteTestNG.java:77)
Caused by: org.openqa.selenium.StaleElementReferenceException: stale element reference: element is not attached to the page document
  (Session info: chrome=103.0.5060.134)
For documentation on this error, please visit: https://selenium.dev/exceptions/#stale_element_reference
Build info: version: '4.1.2', revision: '9a5a329c5a'
System info: host: 'QT-INNO-LT1525', ip: '192.168.201.203', os.name: 'Windows 10', os.arch: 'amd64', os.version: '10.0', java.version: '11.0.14'
Driver info: org.openqa.selenium.chrome.ChromeDriver
Command: [601bf899587f217e9f502e035b20dd8b, switchToFrame {id={ELEMENT=8df6e18d-c5ee-4abe-8479-04daf0f49116, element-6066-11e4-a52e-4f735466cecf=8df6e18d-c5ee-4abe-8479-04daf0f49116}}]
Capabilities {acceptInsecureCerts: false, browserName: chrome, browserVersion: 103.0.5060.134, chrome: {chromedriverVersion: 102.0.5005.61 (0e59bcc00cc4..., userDataDir: C:\Users\DARSHI~1.SHU\AppDa...}, goog:chromeOptions: {debuggerAddress: localhost:61425}, javascriptEnabled: true, networkConnectionEnabled: false, pageLoadStrategy: normal, platform: WINDOWS, platformName: WINDOWS, proxy: Proxy(), se:cdp: ws://localhost:61425/devtoo..., se:cdpVersion: 103.0.5060.134, setWindowRect: true, strictFileInteractability: false, timeouts: {implicit: 0, pageLoad: 300000, script: 30000}, unhandledPromptBehavior: dismiss and notify, webauthn:extension:credBlob: true, webauthn:extension:largeBlob: true, webauthn:virtualAuthenticators: true}
Session ID: 601bf899587f217e9f502e035b20dd8b
at java.base/jdk.internal.reflect.NativeConstructorAccessorImpl.newInstance0(Native Method)
at java.base/jdk.internal.reflect.NativeConstructorAccessorImpl.newInstance(NativeConstructorAccessorImpl.java:62)
at java.base/jdk.internal.reflect.DelegatingConstructorAccessorImpl.newInstance(DelegatingConstructorAccessorImpl.java:45)
at java.base/java.lang.reflect.Constructor.newInstance(Constructor.java:490)
at org.openqa.selenium.remote.codec.w3c.W3CHttpResponseCodec.createException(W3CHttpResponseCodec.java:200)
at org.openqa.selenium.remote.codec.w3c.W3CHttpResponseCodec.decode(W3CHttpResponseCodec.java:133)
at org.openqa.selenium.remote.codec.w3c.W3CHttpResponseCodec.decode(W3CHttpResponseCodec.java:53)
at org.openqa.selenium.remote.HttpCommandExecutor.execute(HttpCommandExecutor.java:184)
at org.openqa.selenium.remote.service.DriverCommandExecutor.invokeExecute(DriverCommandExecutor.java:167)
at org.openqa.selenium.remote.service.DriverCommandExecutor.execute(DriverCommandExecutor.java:142)
at org.openqa.selenium.remote.RemoteWebDriver.execute(RemoteWebDriver.java:558)
at org.openqa.selenium.remote.RemoteWebDriver$RemoteTargetLocator.frame(RemoteWebDriver.java:1053)
at com.deque.html.axecore.extensions.WebDriverInjectorExtensions.injectIntoFrames(WebDriverInjectorExtensions.java:118)
at com.deque.html.axecore.extensions.WebDriverInjectorExtensions.inject(WebDriverInjectorExtensions.java:77)
at com.deque.html.axecore.extensions.WebDriverInjectorExtensions.inject(WebDriverInjectorExtensions.java:64)
at com.deque.html.axecore.selenium.AxeBuilder.analyzeRawContext(AxeBuilder.java:433)
... 31 more
]]>
            </full-stacktrace>
          </exception> <!-- java.lang.RuntimeException -->
          <reporter-output>
          </reporter-output>
        </test-method> <!-- Step03_VerifyUserisOnSearchResultsPage -->
        <test-method signature="Step04_NavigateToProduct()[pri:0, instance:tests.AmazonTest@d9345cd]" started-at="2022-08-08T18:14:48 IST" name="Step04_NavigateToProduct" finished-at="2022-08-08T18:14:48 IST" duration-ms="202" status="PASS">
          <reporter-output>
          </reporter-output>
        </test-method> <!-- Step04_NavigateToProduct -->
        <test-method signature="Step05_VerifyProductPage()[pri:0, instance:tests.AmazonTest@d9345cd]" started-at="2022-08-08T18:14:48 IST" name="Step05_VerifyProductPage" finished-at="2022-08-08T18:15:02 IST" duration-ms="14639" status="PASS">
          <reporter-output>
          </reporter-output>
        </test-method> <!-- Step05_VerifyProductPage -->
        <test-method signature="Step06_NavigateAndVerifyCartPage()[pri:0, instance:tests.AmazonTest@d9345cd]" started-at="2022-08-08T18:15:02 IST" name="Step06_NavigateAndVerifyCartPage" finished-at="2022-08-08T18:15:09 IST" duration-ms="6653" status="PASS">
          <reporter-output>
          </reporter-output>
        </test-method> <!-- Step06_NavigateAndVerifyCartPage -->
      </class> <!-- tests.AmazonTest -->
    </test> <!-- Default test -->
  </suite> <!-- Default suite -->
</testng-results>
